#
# There is insufficient memory for the Java Runtime Environment to continue.
# Native memory allocation (malloc) failed to allocate 65552 bytes for Chunk::new
# Possible reasons:
#   The system is out of physical RAM or swap space
#   The process is running with CompressedOops enabled, and the Java Heap may be blocking the growth of the native heap
# Possible solutions:
#   Reduce memory load on the system
#   Increase physical memory or swap space
#   Check if swap backing store is full
#   Decrease Java heap size (-Xmx/-Xms)
#   Decrease number of Java threads
#   Decrease Java thread stack sizes (-Xss)
#   Set larger code cache with -XX:ReservedCodeCacheSize=
#   JVM is running with Unscaled Compressed Oops mode in which the Java heap is
#     placed in the first 4GB address space. The Java Heap base address is the
#     maximum limit for the native heap growth. Please use -XX:HeapBaseMinAddress
#     to set the Java Heap base and to place the Java Heap above 4GB virtual address.
# This output file may be truncated or incomplete.
#
#  Out of Memory Error (arena.cpp:184), pid=13612, tid=13712
#
# JRE version: OpenJDK Runtime Environment (20.0.2+9) (build 20.0.2+9-78)
# Java VM: OpenJDK 64-Bit Server VM (20.0.2+9-78, mixed mode, sharing, tiered, compressed oops, compressed class ptrs, g1 gc, windows-amd64)
# No core dump will be written. Minidumps are not enabled by default on client versions of Windows
#

---------------  S U M M A R Y ------------

Command Line: -javaagent:C:\Program Files\JetBrains\IntelliJ IDEA Community Edition 2022.1.4\lib\idea_rt.jar=55442:C:\Program Files\JetBrains\IntelliJ IDEA Community Edition 2022.1.4\bin -Dfile.encoding=UTF-8 com.xml.xmlApi.XmlApiApplication

Host: AMD Ryzen 5 5500U with Radeon Graphics         , 12 cores, 5G,  Windows 10 , 64 bit Build 19041 (10.0.19041.3570)
Time: Fri Oct 13 13:20:05 2023 Hora oficial do Brasil elapsed time: 5335.717103 seconds (0d 1h 28m 55s)

---------------  T H R E A D  ---------------

Current thread (0x0000019aa1258650):  JavaThread "C2 CompilerThread0" daemon [_thread_in_native, id=13712, stack(0x0000001505000000,0x0000001505100000)]


Current CompileTask:
C2:5335717 6679   !   4       java.util.concurrent.ScheduledThreadPoolExecutor$DelayedWorkQueue::take (203 bytes)

Stack: [0x0000001505000000,0x0000001505100000]
Native frames: (J=compiled Java code, j=interpreted, Vv=VM code, C=native code)
V  [jvm.dll+0x6bc25a]
V  [jvm.dll+0x84971a]
V  [jvm.dll+0x84b315]
V  [jvm.dll+0x84ba13]
V  [jvm.dll+0x280e4f]
V  [jvm.dll+0xc2ab1]
V  [jvm.dll+0xc2dd5]
V  [jvm.dll+0xc2bd4]
V  [jvm.dll+0x69a16c]
V  [jvm.dll+0x5e372f]
V  [jvm.dll+0x254684]
V  [jvm.dll+0x24cb12]
V  [jvm.dll+0x24a819]
V  [jvm.dll+0x1ce761]
V  [jvm.dll+0x25a0eb]
V  [jvm.dll+0x2587c0]
V  [jvm.dll+0x3f2dd5]
V  [jvm.dll+0x7f5c76]
V  [jvm.dll+0x6baecb]
C  [ucrtbase.dll+0x21bb2]
C  [KERNEL32.DLL+0x17344]
C  [ntdll.dll+0x526b1]


---------------  P R O C E S S  ---------------

Threads class SMR info:
_java_thread_list=0x0000019ae9addc40, length=33, elements={
0x0000019aa1240290, 0x0000019aa12420a0, 0x0000019aa12450c0, 0x0000019aa1248e00,
0x0000019aa1249740, 0x0000019aa124a080, 0x0000019aa1258650, 0x0000019aa1279ff0,
0x0000019ae64bd0f0, 0x0000019ae690aaf0, 0x0000019ae68aa360, 0x0000019ae71afac0,
0x0000019ae71b1aa0, 0x0000019ae71abb00, 0x0000019ae71b1550, 0x0000019ae71b1000,
0x0000019ae71ab5b0, 0x0000019ae71ab060, 0x0000019ae71adae0, 0x0000019ae71ac050,
0x0000019ae71b2540, 0x0000019ae71ae030, 0x0000019ae71ad590, 0x0000019ae71ac5a0,
0x0000019ae71ad040, 0x0000019ae71af570, 0x0000019ae71b0010, 0x0000019ae71b0ab0,
0x0000019ae6a5b140, 0x0000019ae6a5abf0, 0x0000019ae71acaf0, 0x0000019ae71aead0,
0x0000019ae71b1ff0
}

Java Threads: ( => current thread )
  0x0000019aa1240290 JavaThread "Reference Handler" daemon [_thread_blocked, id=3548, stack(0x0000001504a00000,0x0000001504b00000)]
  0x0000019aa12420a0 JavaThread "Finalizer" daemon [_thread_blocked, id=12040, stack(0x0000001504b00000,0x0000001504c00000)]
  0x0000019aa12450c0 JavaThread "Signal Dispatcher" daemon [_thread_blocked, id=4724, stack(0x0000001504c00000,0x0000001504d00000)]
  0x0000019aa1248e00 JavaThread "Attach Listener" daemon [_thread_blocked, id=6020, stack(0x0000001504d00000,0x0000001504e00000)]
  0x0000019aa1249740 JavaThread "Service Thread" daemon [_thread_blocked, id=16712, stack(0x0000001504e00000,0x0000001504f00000)]
  0x0000019aa124a080 JavaThread "Monitor Deflation Thread" daemon [_thread_blocked, id=4452, stack(0x0000001504f00000,0x0000001505000000)]
=>0x0000019aa1258650 JavaThread "C2 CompilerThread0" daemon [_thread_in_native, id=13712, stack(0x0000001505000000,0x0000001505100000)]
  0x0000019aa1279ff0 JavaThread "C1 CompilerThread0" daemon [_thread_blocked, id=13640, stack(0x0000001505100000,0x0000001505200000)]
  0x0000019ae64bd0f0 JavaThread "Common-Cleaner" daemon [_thread_blocked, id=2860, stack(0x0000001505200000,0x0000001505300000)]
  0x0000019ae690aaf0 JavaThread "Monitor Ctrl-Break" daemon [_thread_in_native, id=5448, stack(0x0000001505300000,0x0000001505400000)]
  0x0000019ae68aa360 JavaThread "Notification Thread" daemon [_thread_blocked, id=1648, stack(0x0000001505400000,0x0000001505500000)]
  0x0000019ae71afac0 JavaThread "Catalina-utility-1" [_thread_blocked, id=5504, stack(0x0000001505e00000,0x0000001505f00000)]
  0x0000019ae71b1aa0 JavaThread "Catalina-utility-2" [_thread_blocked, id=13060, stack(0x0000001506500000,0x0000001506600000)]
  0x0000019ae71abb00 JavaThread "container-0" [_thread_blocked, id=10220, stack(0x0000001506600000,0x0000001506700000)]
  0x0000019ae71b1550 JavaThread "HikariPool-1 housekeeper" daemon [_thread_blocked, id=15844, stack(0x0000001506900000,0x0000001506a00000)]
  0x0000019ae71b1000 JavaThread "File Watcher" daemon [_thread_blocked, id=11436, stack(0x0000001506b00000,0x0000001506c00000)]
  0x0000019ae71ab5b0 JavaThread "Live Reload Server" daemon [_thread_in_native, id=14308, stack(0x0000001506d00000,0x0000001506e00000)]
  0x0000019ae71ab060 JavaThread "http-nio-8080-exec-1" daemon [_thread_blocked, id=18216, stack(0x0000001506c00000,0x0000001506d00000)]
  0x0000019ae71adae0 JavaThread "http-nio-8080-exec-2" daemon [_thread_blocked, id=18120, stack(0x0000001506e00000,0x0000001506f00000)]
  0x0000019ae71ac050 JavaThread "http-nio-8080-exec-3" daemon [_thread_blocked, id=18172, stack(0x0000001506f00000,0x0000001507000000)]
  0x0000019ae71b2540 JavaThread "http-nio-8080-exec-4" daemon [_thread_blocked, id=10676, stack(0x0000001507000000,0x0000001507100000)]
  0x0000019ae71ae030 JavaThread "http-nio-8080-exec-5" daemon [_thread_blocked, id=18164, stack(0x0000001507100000,0x0000001507200000)]
  0x0000019ae71ad590 JavaThread "http-nio-8080-exec-6" daemon [_thread_blocked, id=7568, stack(0x0000001507200000,0x0000001507300000)]
  0x0000019ae71ac5a0 JavaThread "http-nio-8080-exec-7" daemon [_thread_blocked, id=18104, stack(0x0000001507300000,0x0000001507400000)]
  0x0000019ae71ad040 JavaThread "http-nio-8080-exec-8" daemon [_thread_blocked, id=14952, stack(0x0000001507400000,0x0000001507500000)]
  0x0000019ae71af570 JavaThread "http-nio-8080-exec-9" daemon [_thread_blocked, id=6432, stack(0x0000001507500000,0x0000001507600000)]
  0x0000019ae71b0010 JavaThread "http-nio-8080-exec-10" daemon [_thread_blocked, id=15104, stack(0x0000001507600000,0x0000001507700000)]
  0x0000019ae71b0ab0 JavaThread "http-nio-8080-Poller" daemon [_thread_in_native, id=13296, stack(0x0000001507700000,0x0000001507800000)]
  0x0000019ae6a5b140 JavaThread "http-nio-8080-Acceptor" daemon [_thread_in_native, id=1904, stack(0x0000001507800000,0x0000001507900000)]
  0x0000019ae6a5abf0 JavaThread "DestroyJavaVM" [_thread_blocked, id=12032, stack(0x0000001504300000,0x0000001504400000)]
  0x0000019ae71acaf0 JavaThread "HikariPool-1 connection adder" daemon [_thread_in_native, id=13532, stack(0x0000001504100000,0x0000001504200000)]
  0x0000019ae71aead0 JavaThread "pool-2-thread-7" [_thread_blocked, id=5708, stack(0x0000001505600000,0x0000001505700000)]
  0x0000019ae71b1ff0 JavaThread "pool-2-thread-8" [_thread_blocked, id=11708, stack(0x0000001505700000,0x0000001505800000)]

Other Threads:
  0x0000019aa1223230 VMThread "VM Thread" [stack: 0x0000001504900000,0x0000001504a00000] [id=15984]
  0x0000019a84fb9600 WatcherThread "VM Periodic Task Thread" [stack: 0x0000001505500000,0x0000001505600000] [id=17660]
  0x0000019a8500a2b0 WorkerThread "GC Thread#0" [stack: 0x0000001504400000,0x0000001504500000] [id=16564]
  0x0000019ae720e710 WorkerThread "GC Thread#1" [stack: 0x0000001505900000,0x0000001505a00000] [id=15020]
  0x0000019ae720ef80 WorkerThread "GC Thread#2" [stack: 0x0000001505a00000,0x0000001505b00000] [id=11128]
  0x0000019ae720e9e0 WorkerThread "GC Thread#3" [stack: 0x0000001505b00000,0x0000001505c00000] [id=17512]
  0x0000019ae720dea0 WorkerThread "GC Thread#4" [stack: 0x0000001505c00000,0x0000001505d00000] [id=7788]
  0x0000019ae720ecb0 WorkerThread "GC Thread#5" [stack: 0x0000001505d00000,0x0000001505e00000] [id=12168]
  0x0000019ae720f250 WorkerThread "GC Thread#6" [stack: 0x0000001505f00000,0x0000001506000000] [id=8104]
  0x0000019ae720f520 WorkerThread "GC Thread#7" [stack: 0x0000001506000000,0x0000001506100000] [id=15512]
  0x0000019ae720f7f0 WorkerThread "GC Thread#8" [stack: 0x0000001506100000,0x0000001506200000] [id=3692]
  0x0000019ae720dbd0 WorkerThread "GC Thread#9" [stack: 0x0000001506200000,0x0000001506300000] [id=12276]
  0x0000019a85016d80 ConcurrentGCThread "G1 Main Marker" [stack: 0x0000001504500000,0x0000001504600000] [id=7268]
  0x0000019a85017950 WorkerThread "G1 Conc#0" [stack: 0x0000001504600000,0x0000001504700000] [id=8620]
  0x0000019ae779f1b0 WorkerThread "G1 Conc#1" [stack: 0x0000001506300000,0x0000001506400000] [id=17060]
  0x0000019ae779db30 WorkerThread "G1 Conc#2" [stack: 0x0000001506400000,0x0000001506500000] [id=7732]
  0x0000019a8507de00 ConcurrentGCThread "G1 Refine#0" [stack: 0x0000001504700000,0x0000001504800000] [id=14160]
  0x0000019a8507e7b0 ConcurrentGCThread "G1 Service" [stack: 0x0000001504800000,0x0000001504900000] [id=7176]

Threads with active compile tasks:
C2 CompilerThread0  5335770 6679   !   4       java.util.concurrent.ScheduledThreadPoolExecutor$DelayedWorkQueue::take (203 bytes)

VM state: not at safepoint (normal execution)

VM Mutex/Monitor currently owned by a thread: None

Heap address: 0x00000000a2200000, size: 1502 MB, Compressed Oops mode: 32-bit

CDS archive(s) mapped at: [0x0000019aa1400000-0x0000019aa2060000-0x0000019aa2060000), size 12976128, SharedBaseAddress: 0x0000019aa1400000, ArchiveRelocationMode: 1.
Compressed class space mapped at: 0x0000019aa2400000-0x0000019ae2400000, reserved size: 1073741824
Narrow klass base: 0x0000019aa1400000, Narrow klass shift: 0, Narrow klass range: 0x100000000

GC Precious Log:
 CardTable entry size: 512
 Card Set container configuration: InlinePtr #cards 5 size 8 Array Of Cards #cards 12 size 40 Howl #buckets 4 coarsen threshold 1843 Howl Bitmap #cards 512 size 80 coarsen threshold 460 Card regions per heap region 1 cards per card region 2048
 CPUs: 12 total, 12 available
 Memory: 6005M
 Large Page Support: Disabled
 NUMA Support: Disabled
 Compressed Oops: Enabled (32-bit)
 Heap Region Size: 1M
 Heap Min Capacity: 8M
 Heap Initial Capacity: 94M
 Heap Max Capacity: 1502M
 Pre-touch: Disabled
 Parallel Workers: 10
 Concurrent Workers: 3
 Concurrent Refinement Workers: 10
 Periodic GC: Disabled

Heap:
 garbage-first heap   total 73728K, used 45185K [0x00000000a2200000, 0x0000000100000000)
  region size 1024K, 20 young (20480K), 3 survivors (3072K)
 Metaspace       used 67643K, committed 68672K, reserved 1114112K
  class space    used 8786K, committed 9216K, reserved 1048576K

Heap Regions: E=young(eden), S=young(survivor), O=old, HS=humongous(starts), HC=humongous(continues), CS=collection set, F=free, OA=open archive, CA=closed archive, TAMS=top-at-mark-start, PB=parsable bottom
|   0|0x00000000a2200000, 0x00000000a2300000, 0x00000000a2300000|100%|HS|  |TAMS 0x00000000a2200000| PB 0x00000000a2200000| Complete 
|   1|0x00000000a2300000, 0x00000000a2400000, 0x00000000a2400000|100%| O|  |TAMS 0x00000000a2300000| PB 0x00000000a2300000| Untracked 
|   2|0x00000000a2400000, 0x00000000a2500000, 0x00000000a2500000|100%| O|  |TAMS 0x00000000a2400000| PB 0x00000000a2400000| Untracked 
|   3|0x00000000a2500000, 0x00000000a2600000, 0x00000000a2600000|100%| O|  |TAMS 0x00000000a2500000| PB 0x00000000a2500000| Untracked 
|   4|0x00000000a2600000, 0x00000000a2700000, 0x00000000a2700000|100%| O|  |TAMS 0x00000000a2600000| PB 0x00000000a2600000| Untracked 
|   5|0x00000000a2700000, 0x00000000a2800000, 0x00000000a2800000|100%| O|  |TAMS 0x00000000a2700000| PB 0x00000000a2700000| Untracked 
|   6|0x00000000a2800000, 0x00000000a2900000, 0x00000000a2900000|100%| O|  |TAMS 0x00000000a2800000| PB 0x00000000a2800000| Complete 
|   7|0x00000000a2900000, 0x00000000a2a00000, 0x00000000a2a00000|100%| O|  |TAMS 0x00000000a2900000| PB 0x00000000a2900000| Untracked 
|   8|0x00000000a2a00000, 0x00000000a2b00000, 0x00000000a2b00000|100%| O|  |TAMS 0x00000000a2a00000| PB 0x00000000a2a00000| Untracked 
|   9|0x00000000a2b00000, 0x00000000a2c00000, 0x00000000a2c00000|100%| O|  |TAMS 0x00000000a2b00000| PB 0x00000000a2b00000| Untracked 
|  10|0x00000000a2c00000, 0x00000000a2d00000, 0x00000000a2d00000|100%| O|  |TAMS 0x00000000a2c00000| PB 0x00000000a2c00000| Complete 
|  11|0x00000000a2d00000, 0x00000000a2e00000, 0x00000000a2e00000|100%| O|  |TAMS 0x00000000a2d00000| PB 0x00000000a2d00000| Untracked 
|  12|0x00000000a2e00000, 0x00000000a2f00000, 0x00000000a2f00000|100%| O|  |TAMS 0x00000000a2e00000| PB 0x00000000a2e00000| Untracked 
|  13|0x00000000a2f00000, 0x00000000a3000000, 0x00000000a3000000|100%| O|  |TAMS 0x00000000a2f00000| PB 0x00000000a2f00000| Untracked 
|  14|0x00000000a3000000, 0x00000000a3000000, 0x00000000a3100000|  0%| F|  |TAMS 0x00000000a3000000| PB 0x00000000a3000000| Untracked 
|  15|0x00000000a3100000, 0x00000000a3200000, 0x00000000a3200000|100%| O|  |TAMS 0x00000000a3100000| PB 0x00000000a3100000| Untracked 
|  16|0x00000000a3200000, 0x00000000a3300000, 0x00000000a3300000|100%| O|  |TAMS 0x00000000a3200000| PB 0x00000000a3200000| Untracked 
|  17|0x00000000a3300000, 0x00000000a3400000, 0x00000000a3400000|100%| O|  |TAMS 0x00000000a3300000| PB 0x00000000a3300000| Complete 
|  18|0x00000000a3400000, 0x00000000a3500000, 0x00000000a3500000|100%| O|  |TAMS 0x00000000a3400000| PB 0x00000000a3400000| Untracked 
|  19|0x00000000a3500000, 0x00000000a3600000, 0x00000000a3600000|100%| O|  |TAMS 0x00000000a3500000| PB 0x00000000a3500000| Complete 
|  20|0x00000000a3600000, 0x00000000a3700000, 0x00000000a3700000|100%| O|  |TAMS 0x00000000a3600000| PB 0x00000000a3600000| Untracked 
|  21|0x00000000a3700000, 0x00000000a3800000, 0x00000000a3800000|100%| O|  |TAMS 0x00000000a3700000| PB 0x00000000a3700000| Untracked 
|  22|0x00000000a3800000, 0x00000000a3800000, 0x00000000a3900000|  0%| F|  |TAMS 0x00000000a3800000| PB 0x00000000a3800000| Untracked 
|  23|0x00000000a3900000, 0x00000000a3900000, 0x00000000a3a00000|  0%| F|  |TAMS 0x00000000a3900000| PB 0x00000000a3900000| Untracked 
|  24|0x00000000a3a00000, 0x00000000a3a00000, 0x00000000a3b00000|  0%| F|  |TAMS 0x00000000a3a00000| PB 0x00000000a3a00000| Untracked 
|  25|0x00000000a3b00000, 0x00000000a3b00000, 0x00000000a3c00000|  0%| F|  |TAMS 0x00000000a3b00000| PB 0x00000000a3b00000| Untracked 
|  26|0x00000000a3c00000, 0x00000000a3d00000, 0x00000000a3d00000|100%| O|  |TAMS 0x00000000a3c00000| PB 0x00000000a3c00000| Untracked 
|  27|0x00000000a3d00000, 0x00000000a3e00000, 0x00000000a3e00000|100%| O|  |TAMS 0x00000000a3d00000| PB 0x00000000a3d00000| Untracked 
|  28|0x00000000a3e00000, 0x00000000a3f00000, 0x00000000a3f00000|100%| O|  |TAMS 0x00000000a3e00000| PB 0x00000000a3e00000| Complete 
|  29|0x00000000a3f00000, 0x00000000a3f11600, 0x00000000a4000000|  6%| O|  |TAMS 0x00000000a3f00000| PB 0x00000000a3f00000| Untracked 
|  30|0x00000000a4000000, 0x00000000a4000000, 0x00000000a4100000|  0%| F|  |TAMS 0x00000000a4000000| PB 0x00000000a4000000| Untracked 
|  31|0x00000000a4100000, 0x00000000a410f0a0, 0x00000000a4200000|  5%| S|CS|TAMS 0x00000000a4100000| PB 0x00000000a4100000| Complete 
|  32|0x00000000a4200000, 0x00000000a4300000, 0x00000000a4300000|100%| S|CS|TAMS 0x00000000a4200000| PB 0x00000000a4200000| Complete 
|  33|0x00000000a4300000, 0x00000000a4400000, 0x00000000a4400000|100%| S|CS|TAMS 0x00000000a4300000| PB 0x00000000a4300000| Complete 
|  34|0x00000000a4400000, 0x00000000a4400000, 0x00000000a4500000|  0%| F|  |TAMS 0x00000000a4400000| PB 0x00000000a4400000| Untracked 
|  35|0x00000000a4500000, 0x00000000a4500000, 0x00000000a4600000|  0%| F|  |TAMS 0x00000000a4500000| PB 0x00000000a4500000| Untracked 
|  36|0x00000000a4600000, 0x00000000a4600000, 0x00000000a4700000|  0%| F|  |TAMS 0x00000000a4600000| PB 0x00000000a4600000| Untracked 
|  37|0x00000000a4700000, 0x00000000a4700000, 0x00000000a4800000|  0%| F|  |TAMS 0x00000000a4700000| PB 0x00000000a4700000| Untracked 
|  38|0x00000000a4800000, 0x00000000a4800000, 0x00000000a4900000|  0%| F|  |TAMS 0x00000000a4800000| PB 0x00000000a4800000| Untracked 
|  39|0x00000000a4900000, 0x00000000a4900000, 0x00000000a4a00000|  0%| F|  |TAMS 0x00000000a4900000| PB 0x00000000a4900000| Untracked 
|  40|0x00000000a4a00000, 0x00000000a4a00000, 0x00000000a4b00000|  0%| F|  |TAMS 0x00000000a4a00000| PB 0x00000000a4a00000| Untracked 
|  41|0x00000000a4b00000, 0x00000000a4b00000, 0x00000000a4c00000|  0%| F|  |TAMS 0x00000000a4b00000| PB 0x00000000a4b00000| Untracked 
|  42|0x00000000a4c00000, 0x00000000a4c00000, 0x00000000a4d00000|  0%| F|  |TAMS 0x00000000a4c00000| PB 0x00000000a4c00000| Untracked 
|  43|0x00000000a4d00000, 0x00000000a4d00000, 0x00000000a4e00000|  0%| F|  |TAMS 0x00000000a4d00000| PB 0x00000000a4d00000| Untracked 
|  44|0x00000000a4e00000, 0x00000000a4e00000, 0x00000000a4f00000|  0%| F|  |TAMS 0x00000000a4e00000| PB 0x00000000a4e00000| Untracked 
|  45|0x00000000a4f00000, 0x00000000a4f00000, 0x00000000a5000000|  0%| F|  |TAMS 0x00000000a4f00000| PB 0x00000000a4f00000| Untracked 
|  46|0x00000000a5000000, 0x00000000a5000000, 0x00000000a5100000|  0%| F|  |TAMS 0x00000000a5000000| PB 0x00000000a5000000| Untracked 
|  47|0x00000000a5100000, 0x00000000a5100000, 0x00000000a5200000|  0%| F|  |TAMS 0x00000000a5100000| PB 0x00000000a5100000| Untracked 
|  48|0x00000000a5200000, 0x00000000a5200000, 0x00000000a5300000|  0%| F|  |TAMS 0x00000000a5200000| PB 0x00000000a5200000| Untracked 
|  49|0x00000000a5300000, 0x00000000a5300000, 0x00000000a5400000|  0%| F|  |TAMS 0x00000000a5300000| PB 0x00000000a5300000| Untracked 
|  50|0x00000000a5400000, 0x00000000a5400000, 0x00000000a5500000|  0%| F|  |TAMS 0x00000000a5400000| PB 0x00000000a5400000| Untracked 
|  51|0x00000000a5500000, 0x00000000a5500000, 0x00000000a5600000|  0%| F|  |TAMS 0x00000000a5500000| PB 0x00000000a5500000| Untracked 
|  52|0x00000000a5600000, 0x00000000a5600000, 0x00000000a5700000|  0%| F|  |TAMS 0x00000000a5600000| PB 0x00000000a5600000| Untracked 
|  53|0x00000000a5700000, 0x00000000a574d938, 0x00000000a5800000| 30%| E|  |TAMS 0x00000000a5700000| PB 0x00000000a5700000| Complete 
|  54|0x00000000a5800000, 0x00000000a5900000, 0x00000000a5900000|100%| E|CS|TAMS 0x00000000a5800000| PB 0x00000000a5800000| Complete 
|  55|0x00000000a5900000, 0x00000000a5a00000, 0x00000000a5a00000|100%| E|CS|TAMS 0x00000000a5900000| PB 0x00000000a5900000| Complete 
|  56|0x00000000a5a00000, 0x00000000a5b00000, 0x00000000a5b00000|100%| E|CS|TAMS 0x00000000a5a00000| PB 0x00000000a5a00000| Complete 
|  57|0x00000000a5b00000, 0x00000000a5c00000, 0x00000000a5c00000|100%| E|CS|TAMS 0x00000000a5b00000| PB 0x00000000a5b00000| Complete 
|  58|0x00000000a5c00000, 0x00000000a5d00000, 0x00000000a5d00000|100%| E|CS|TAMS 0x00000000a5c00000| PB 0x00000000a5c00000| Complete 
|  59|0x00000000a5d00000, 0x00000000a5e00000, 0x00000000a5e00000|100%| E|CS|TAMS 0x00000000a5d00000| PB 0x00000000a5d00000| Complete 
|  60|0x00000000a5e00000, 0x00000000a5f00000, 0x00000000a5f00000|100%| E|CS|TAMS 0x00000000a5e00000| PB 0x00000000a5e00000| Complete 
|  61|0x00000000a5f00000, 0x00000000a6000000, 0x00000000a6000000|100%| E|CS|TAMS 0x00000000a5f00000| PB 0x00000000a5f00000| Complete 
|  62|0x00000000a6000000, 0x00000000a6100000, 0x00000000a6100000|100%| E|CS|TAMS 0x00000000a6000000| PB 0x00000000a6000000| Complete 
|  63|0x00000000a6100000, 0x00000000a6200000, 0x00000000a6200000|100%| E|CS|TAMS 0x00000000a6100000| PB 0x00000000a6100000| Complete 
|  64|0x00000000a6200000, 0x00000000a6300000, 0x00000000a6300000|100%| E|CS|TAMS 0x00000000a6200000| PB 0x00000000a6200000| Complete 
|  65|0x00000000a6300000, 0x00000000a6400000, 0x00000000a6400000|100%| E|CS|TAMS 0x00000000a6300000| PB 0x00000000a6300000| Complete 
|  66|0x00000000a6400000, 0x00000000a6500000, 0x00000000a6500000|100%| E|CS|TAMS 0x00000000a6400000| PB 0x00000000a6400000| Complete 
|  67|0x00000000a6500000, 0x00000000a6600000, 0x00000000a6600000|100%| E|CS|TAMS 0x00000000a6500000| PB 0x00000000a6500000| Complete 
|  93|0x00000000a7f00000, 0x00000000a8000000, 0x00000000a8000000|100%| E|CS|TAMS 0x00000000a7f00000| PB 0x00000000a7f00000| Complete 
|1499|0x00000000ffd00000, 0x00000000ffe00000, 0x00000000ffe00000|100%| E|CS|TAMS 0x00000000ffd00000| PB 0x00000000ffd00000| Complete 
|1500|0x00000000ffe00000, 0x00000000fff00000, 0x00000000fff00000|100%| O|  |TAMS 0x00000000ffe00000| PB 0x00000000ffe00000| Complete 
|1501|0x00000000fff00000, 0x0000000100000000, 0x0000000100000000|100%| O|  |TAMS 0x00000000fff00000| PB 0x00000000fff00000| Untracked 

Card table byte_map: [0x0000019a9c8c0000,0x0000019a9cbb0000] _byte_map_base: 0x0000019a9c3af000

Marking Bits: (CMBitMap*) 0x0000019a8500a8e0
 Bits: [0x0000019a9cea0000, 0x0000019a9e618000)

Polling page: 0x0000019a82e30000

Metaspace:

Usage:
  Non-class:     57.48 MB used.
      Class:      8.58 MB used.
       Both:     66.06 MB used.

Virtual space:
  Non-class space:       64.00 MB reserved,      58.06 MB ( 91%) committed,  1 nodes.
      Class space:        1.00 GB reserved,       9.00 MB ( <1%) committed,  1 nodes.
             Both:        1.06 GB reserved,      67.06 MB (  6%) committed. 

Chunk freelists:
   Non-Class:  1.94 MB
       Class:  3.07 MB
        Both:  5.01 MB

MaxMetaspaceSize: unlimited
CompressedClassSpaceSize: 1.00 GB
Initial GC threshold: 21.00 MB
Current GC threshold: 111.69 MB
CDS: on
MetaspaceReclaimPolicy: balanced
 - commit_granule_bytes: 65536.
 - commit_granule_words: 8192.
 - virtual_space_node_default_size: 8388608.
 - enlarge_chunks_in_place: 1.
 - new_chunks_are_fully_committed: 0.
 - uncommit_free_chunks: 1.
 - use_allocation_guard: 0.


Internal statistics:

num_allocs_failed_limit: 12.
num_arena_births: 990.
num_arena_deaths: 334.
num_vsnodes_births: 2.
num_vsnodes_deaths: 0.
num_space_committed: 1073.
num_space_uncommitted: 0.
num_chunks_returned_to_freelist: 393.
num_chunks_taken_from_freelist: 3378.
num_chunk_merges: 106.
num_chunk_splits: 2337.
num_chunks_enlarged: 1763.
num_inconsistent_stats: 0.

CodeHeap 'non-profiled nmethods': size=120000Kb used=3640Kb max_used=3691Kb free=116359Kb
 bounds [0x0000019a94b50000, 0x0000019a94ef0000, 0x0000019a9c080000]
CodeHeap 'profiled nmethods': size=120000Kb used=10330Kb max_used=10616Kb free=109669Kb
 bounds [0x0000019a8d080000, 0x0000019a8dae0000, 0x0000019a945b0000]
CodeHeap 'non-nmethods': size=5760Kb used=1794Kb max_used=1842Kb free=3965Kb
 bounds [0x0000019a945b0000, 0x0000019a94820000, 0x0000019a94b50000]
 total_blobs=6479 nmethods=5727 adapters=662
 compilation: enabled
              stopped_count=0, restarted_count=0
 full_count=0

Compilation events (20 events):
Event: 5333.648 Thread 0x0000019aa1279ff0 nmethod 6669 0x0000019a8d3cb810 code [0x0000019a8d3cba00, 0x0000019a8d3cbf30]
Event: 5333.648 Thread 0x0000019aa1279ff0 6670       3       com.zaxxer.hikari.util.ClockSource::currentTime (9 bytes)
Event: 5333.649 Thread 0x0000019aa1279ff0 nmethod 6670 0x0000019a8d948a90 code [0x0000019a8d948c20, 0x0000019a8d948da0]
Event: 5333.649 Thread 0x0000019aa1279ff0 6668       1       com.microsoft.sqlserver.jdbc.TDSWriter::setDataLoggable (6 bytes)
Event: 5333.649 Thread 0x0000019aa1279ff0 nmethod 6668 0x0000019a94da6190 code [0x0000019a94da6300, 0x0000019a94da63d0]
Event: 5333.660 Thread 0x0000019aa1279ff0 6671       3       java.lang.invoke.DirectMethodHandle$Holder::invokeStatic (21 bytes)
Event: 5333.661 Thread 0x0000019aa1279ff0 nmethod 6671 0x0000019a8d946810 code [0x0000019a8d9469c0, 0x0000019a8d946e78]
Event: 5333.661 Thread 0x0000019aa1279ff0 6672       3       java.net.DelegatingSocketImpl::setOption (10 bytes)
Event: 5333.661 Thread 0x0000019aa1279ff0 nmethod 6672 0x0000019a8d946310 code [0x0000019a8d9464a0, 0x0000019a8d946670]
Event: 5333.661 Thread 0x0000019aa1279ff0 6673   !   3       sun.nio.ch.NioSocketImpl::setOption (545 bytes)
Event: 5333.666 Thread 0x0000019aa1279ff0 nmethod 6673 0x0000019a8d90df90 code [0x0000019a8d90e540, 0x0000019a8d9112b0]
Event: 5333.666 Thread 0x0000019aa1279ff0 6674       3       java.util.Properties::getProperty (16 bytes)
Event: 5333.666 Thread 0x0000019aa1279ff0 nmethod 6674 0x0000019a8d90db10 code [0x0000019a8d90dca0, 0x0000019a8d90dec0]
Event: 5333.667 Thread 0x0000019aa1279ff0 6675       1       java.lang.Byte::byteValue (5 bytes)
Event: 5333.667 Thread 0x0000019aa1279ff0 nmethod 6675 0x0000019a94da5e90 code [0x0000019a94da6000, 0x0000019a94da60d0]
Event: 5333.671 Thread 0x0000019aa1279ff0 6676       3       java.security.MessageDigest::getInstance (119 bytes)
Event: 5333.671 Thread 0x0000019aa1279ff0 nmethod 6676 0x0000019a8d6fb390 code [0x0000019a8d6fb580, 0x0000019a8d6fbc18]
Event: 5333.692 Thread 0x0000019aa1279ff0 6677       3       java.net.SocketAddress::<init> (5 bytes)
Event: 5333.692 Thread 0x0000019aa1279ff0 nmethod 6677 0x0000019a8d6faf90 code [0x0000019a8d6fb120, 0x0000019a8d6fb288]
Event: 5335.698 Thread 0x0000019aa1258650 6679   !   4       java.util.concurrent.ScheduledThreadPoolExecutor$DelayedWorkQueue::take (203 bytes)

GC Heap History (20 events):
Event: 4.404 GC heap before
{Heap before GC invocations=5 (full 0):
 garbage-first heap   total 61440K, used 41698K [0x00000000a2200000, 0x0000000100000000)
  region size 1024K, 32 young (32768K), 7 survivors (7168K)
 Metaspace       used 35540K, committed 36096K, reserved 1114112K
  class space    used 4403K, committed 4672K, reserved 1048576K
}
Event: 4.409 GC heap after
{Heap after GC invocations=6 (full 0):
 garbage-first heap   total 61440K, used 19817K [0x00000000a2200000, 0x0000000100000000)
  region size 1024K, 3 young (3072K), 3 survivors (3072K)
 Metaspace       used 35540K, committed 36096K, reserved 1114112K
  class space    used 4403K, committed 4672K, reserved 1048576K
}
Event: 4.434 GC heap before
{Heap before GC invocations=6 (full 0):
 garbage-first heap   total 61440K, used 20841K [0x00000000a2200000, 0x0000000100000000)
  region size 1024K, 5 young (5120K), 3 survivors (3072K)
 Metaspace       used 35854K, committed 36416K, reserved 1114112K
  class space    used 4461K, committed 4736K, reserved 1048576K
}
Event: 4.436 GC heap after
{Heap after GC invocations=7 (full 0):
 garbage-first heap   total 61440K, used 19547K [0x00000000a2200000, 0x0000000100000000)
  region size 1024K, 3 young (3072K), 3 survivors (3072K)
 Metaspace       used 35854K, committed 36416K, reserved 1114112K
  class space    used 4461K, committed 4736K, reserved 1048576K
}
Event: 5.442 GC heap before
{Heap before GC invocations=8 (full 0):
 garbage-first heap   total 61440K, used 49243K [0x00000000a2200000, 0x0000000100000000)
  region size 1024K, 33 young (33792K), 3 survivors (3072K)
 Metaspace       used 46621K, committed 47168K, reserved 1114112K
  class space    used 5836K, committed 6080K, reserved 1048576K
}
Event: 5.445 GC heap after
{Heap after GC invocations=9 (full 0):
 garbage-first heap   total 61440K, used 21787K [0x00000000a2200000, 0x0000000100000000)
  region size 1024K, 5 young (5120K), 5 survivors (5120K)
 Metaspace       used 46621K, committed 47168K, reserved 1114112K
  class space    used 5836K, committed 6080K, reserved 1048576K
}
Event: 6.280 GC heap before
{Heap before GC invocations=9 (full 0):
 garbage-first heap   total 61440K, used 50459K [0x00000000a2200000, 0x0000000100000000)
  region size 1024K, 34 young (34816K), 5 survivors (5120K)
 Metaspace       used 55565K, committed 56192K, reserved 1114112K
  class space    used 7205K, committed 7488K, reserved 1048576K
}
Event: 6.285 GC heap after
{Heap after GC invocations=10 (full 0):
 garbage-first heap   total 61440K, used 23371K [0x00000000a2200000, 0x0000000100000000)
  region size 1024K, 5 young (5120K), 5 survivors (5120K)
 Metaspace       used 55565K, committed 56192K, reserved 1114112K
  class space    used 7205K, committed 7488K, reserved 1048576K
}
Event: 7.004 GC heap before
{Heap before GC invocations=10 (full 0):
 garbage-first heap   total 61440K, used 41803K [0x00000000a2200000, 0x0000000100000000)
  region size 1024K, 24 young (24576K), 5 survivors (5120K)
 Metaspace       used 60388K, committed 60928K, reserved 1114112K
  class space    used 7817K, committed 8064K, reserved 1048576K
}
Event: 7.008 GC heap after
{Heap after GC invocations=11 (full 0):
 garbage-first heap   total 61440K, used 24875K [0x00000000a2200000, 0x0000000100000000)
  region size 1024K, 4 young (4096K), 4 survivors (4096K)
 Metaspace       used 60388K, committed 60928K, reserved 1114112K
  class space    used 7817K, committed 8064K, reserved 1048576K
}
Event: 7.557 GC heap before
{Heap before GC invocations=12 (full 0):
 garbage-first heap   total 61440K, used 53547K [0x00000000a2200000, 0x0000000100000000)
  region size 1024K, 32 young (32768K), 4 survivors (4096K)
 Metaspace       used 63115K, committed 63808K, reserved 1114112K
  class space    used 8276K, committed 8576K, reserved 1048576K
}
Event: 7.561 GC heap after
{Heap after GC invocations=13 (full 0):
 garbage-first heap   total 61440K, used 27383K [0x00000000a2200000, 0x0000000100000000)
  region size 1024K, 4 young (4096K), 4 survivors (4096K)
 Metaspace       used 63115K, committed 63808K, reserved 1114112K
  class space    used 8276K, committed 8576K, reserved 1048576K
}
Event: 293.477 GC heap before
{Heap before GC invocations=13 (full 0):
 garbage-first heap   total 61440K, used 54007K [0x00000000a2200000, 0x0000000100000000)
  region size 1024K, 30 young (30720K), 4 survivors (4096K)
 Metaspace       used 67607K, committed 68352K, reserved 1114112K
  class space    used 8852K, committed 9216K, reserved 1048576K
}
Event: 293.549 GC heap after
{Heap after GC invocations=14 (full 0):
 garbage-first heap   total 61440K, used 28564K [0x00000000a2200000, 0x0000000100000000)
  region size 1024K, 2 young (2048K), 2 survivors (2048K)
 Metaspace       used 67607K, committed 68352K, reserved 1114112K
  class space    used 8852K, committed 9216K, reserved 1048576K
}
Event: 1769.058 GC heap before
{Heap before GC invocations=14 (full 0):
 garbage-first heap   total 61440K, used 54164K [0x00000000a2200000, 0x0000000100000000)
  region size 1024K, 27 young (27648K), 2 survivors (2048K)
 Metaspace       used 67711K, committed 68480K, reserved 1114112K
  class space    used 8857K, committed 9216K, reserved 1048576K
}
Event: 1769.068 GC heap after
{Heap after GC invocations=15 (full 0):
 garbage-first heap   total 61440K, used 28624K [0x00000000a2200000, 0x0000000100000000)
  region size 1024K, 2 young (2048K), 2 survivors (2048K)
 Metaspace       used 67711K, committed 68480K, reserved 1114112K
  class space    used 8857K, committed 9216K, reserved 1048576K
}
Event: 3234.832 GC heap before
{Heap before GC invocations=15 (full 0):
 garbage-first heap   total 61440K, used 55248K [0x00000000a2200000, 0x0000000100000000)
  region size 1024K, 28 young (28672K), 2 survivors (2048K)
 Metaspace       used 67798K, committed 68608K, reserved 1114112K
  class space    used 8857K, committed 9216K, reserved 1048576K
}
Event: 3234.848 GC heap after
{Heap after GC invocations=16 (full 0):
 garbage-first heap   total 61440K, used 28972K [0x00000000a2200000, 0x0000000100000000)
  region size 1024K, 3 young (3072K), 3 survivors (3072K)
 Metaspace       used 67798K, committed 68608K, reserved 1114112K
  class space    used 8857K, committed 9216K, reserved 1048576K
}
Event: 4522.370 GC heap before
{Heap before GC invocations=17 (full 0):
 garbage-first heap   total 61440K, used 53548K [0x00000000a2200000, 0x0000000100000000)
  region size 1024K, 27 young (27648K), 3 survivors (3072K)
 Metaspace       used 67550K, committed 68608K, reserved 1114112K
  class space    used 8775K, committed 9216K, reserved 1048576K
}
Event: 4522.376 GC heap after
{Heap after GC invocations=18 (full 0):
 garbage-first heap   total 73728K, used 28801K [0x00000000a2200000, 0x0000000100000000)
  region size 1024K, 3 young (3072K), 3 survivors (3072K)
 Metaspace       used 67550K, committed 68608K, reserved 1114112K
  class space    used 8775K, committed 9216K, reserved 1048576K
}

Dll operation events (14 events):
Event: 0.011 Loaded shared library C:\Users\daniel.jesus\.jdks\openjdk-20.0.2\bin\java.dll
Event: 0.026 Loaded shared library C:\Users\daniel.jesus\.jdks\openjdk-20.0.2\bin\jsvml.dll
Event: 0.126 Loaded shared library C:\Users\daniel.jesus\.jdks\openjdk-20.0.2\bin\zip.dll
Event: 0.130 Loaded shared library C:\Users\daniel.jesus\.jdks\openjdk-20.0.2\bin\instrument.dll
Event: 0.136 Loaded shared library C:\Users\daniel.jesus\.jdks\openjdk-20.0.2\bin\net.dll
Event: 0.139 Loaded shared library C:\Users\daniel.jesus\.jdks\openjdk-20.0.2\bin\nio.dll
Event: 0.142 Loaded shared library C:\Users\daniel.jesus\.jdks\openjdk-20.0.2\bin\zip.dll
Event: 0.226 Loaded shared library C:\Program Files\JetBrains\IntelliJ IDEA Community Edition 2022.1.4\bin\breakgen64.dll
Event: 0.236 Loaded shared library C:\Users\daniel.jesus\.jdks\openjdk-20.0.2\bin\extnet.dll
Event: 0.275 Loaded shared library C:\Users\daniel.jesus\.jdks\openjdk-20.0.2\bin\jimage.dll
Event: 0.575 Loaded shared library C:\Users\daniel.jesus\.jdks\openjdk-20.0.2\bin\management.dll
Event: 0.578 Loaded shared library C:\Users\daniel.jesus\.jdks\openjdk-20.0.2\bin\management_ext.dll
Event: 3.556 Loaded shared library C:\Users\daniel.jesus\.jdks\openjdk-20.0.2\bin\sunmscapi.dll
Event: 4.485 Loaded shared library C:\Users\daniel.jesus\.jdks\openjdk-20.0.2\bin\verify.dll

Deoptimization events (20 events):
Event: 5289.339 Thread 0x0000019ae71aead0 Uncommon trap: trap_request=0xfffffff4 fr.pc=0x0000019a94ccf0dc relative=0x000000000000013c
Event: 5289.339 Thread 0x0000019ae71aead0 Uncommon trap: reason=null_check action=make_not_entrant pc=0x0000019a94ccf0dc method=java.lang.Class.reflectionData()Ljava/lang/Class$ReflectionData; @ 18 c2
Event: 5289.339 Thread 0x0000019ae71aead0 DEOPT PACKING pc=0x0000019a94ccf0dc sp=0x00000015041fdd60
Event: 5289.339 Thread 0x0000019ae71aead0 DEOPT UNPACKING pc=0x0000019a94619d22 sp=0x00000015041fdd10 mode 2
Event: 5289.491 Thread 0x0000019ae71aead0 Uncommon trap: trap_request=0xfffffff4 fr.pc=0x0000019a94d8b40c relative=0x0000000000005c0c
Event: 5289.492 Thread 0x0000019ae71aead0 Uncommon trap: reason=null_check action=make_not_entrant pc=0x0000019a94d8b40c method=java.util.jar.JarFile.getManifestFromReference()Ljava/util/jar/Manifest; @ 14 c2
Event: 5289.492 Thread 0x0000019ae71aead0 DEOPT PACKING pc=0x0000019a94d8b40c sp=0x00000015041fdee0
Event: 5289.492 Thread 0x0000019ae71aead0 DEOPT UNPACKING pc=0x0000019a94619d22 sp=0x00000015041fdd20 mode 2
Event: 5289.519 Thread 0x0000019ae71b0560 Uncommon trap: trap_request=0xffffff45 fr.pc=0x0000019a94daab5c relative=0x000000000000237c
Event: 5289.519 Thread 0x0000019ae71b0560 Uncommon trap: reason=unstable_if action=reinterpret pc=0x0000019a94daab5c method=java.util.concurrent.ThreadPoolExecutor.getTask()Ljava/lang/Runnable; @ 62 c2
Event: 5289.519 Thread 0x0000019ae71b0560 DEOPT PACKING pc=0x0000019a94daab5c sp=0x00000015057ff0b0
Event: 5289.519 Thread 0x0000019ae71b0560 DEOPT UNPACKING pc=0x0000019a94619d22 sp=0x00000015057ff0a0 mode 2
Event: 5289.522 Thread 0x0000019ae71acaf0 Uncommon trap: trap_request=0xffffffc6 fr.pc=0x0000019a94e67840 relative=0x0000000000000fe0
Event: 5289.522 Thread 0x0000019ae71acaf0 Uncommon trap: reason=bimorphic_or_optimized_type_check action=maybe_recompile pc=0x0000019a94e67840 method=java.util.concurrent.ConcurrentHashMap.putVal(Ljava/lang/Object;Ljava/lang/Object;Z)Ljava/lang/Object; @ 159 c2
Event: 5289.522 Thread 0x0000019ae71acaf0 DEOPT PACKING pc=0x0000019a94e67840 sp=0x00000015056fdfe0
Event: 5289.522 Thread 0x0000019ae71acaf0 DEOPT UNPACKING pc=0x0000019a94619d22 sp=0x00000015056fdf60 mode 2
Event: 5290.948 Thread 0x0000019ae71aead0 Uncommon trap: trap_request=0xffffff45 fr.pc=0x0000019a94b767bc relative=0x000000000000013c
Event: 5290.948 Thread 0x0000019ae71aead0 Uncommon trap: reason=unstable_if action=reinterpret pc=0x0000019a94b767bc method=java.lang.StringCoding.countPositives([BII)I @ 17 c2
Event: 5290.948 Thread 0x0000019ae71aead0 DEOPT PACKING pc=0x0000019a94b767bc sp=0x00000015041fe0e0
Event: 5290.948 Thread 0x0000019ae71aead0 DEOPT UNPACKING pc=0x0000019a94619d22 sp=0x00000015041fe068 mode 2

Classes loaded (20 events):
Event: 11.971 Loading class java/util/AbstractMap$SimpleEntry
Event: 11.972 Loading class java/util/AbstractMap$SimpleEntry done
Event: 11.984 Loading class java/util/stream/LongStream
Event: 11.984 Loading class java/util/stream/LongStream done
Event: 11.985 Loading class java/util/stream/DoubleStream
Event: 11.985 Loading class java/util/stream/DoubleStream done
Event: 1763.424 Loading class sun/security/ssl/Alert
Event: 1763.467 Loading class sun/security/ssl/Alert done
Event: 1763.473 Loading class sun/security/ssl/Alert$AlertConsumer
Event: 1763.483 Loading class sun/security/ssl/Alert$AlertConsumer done
Event: 1763.483 Loading class sun/security/ssl/Alert$Level
Event: 1763.484 Loading class sun/security/ssl/Alert$Level done
Event: 1763.487 Loading class javax/crypto/AEADBadTagException
Event: 1763.488 Loading class javax/crypto/AEADBadTagException done
Event: 1763.489 Loading class javax/net/ssl/SSLHandshakeException
Event: 1763.490 Loading class javax/net/ssl/SSLHandshakeException done
Event: 5289.315 Loading class sun/net/ConnectionResetException
Event: 5289.321 Loading class sun/net/ConnectionResetException done
Event: 5313.423 Loading class sun/net/util/SocketExceptions
Event: 5313.435 Loading class sun/net/util/SocketExceptions done

Classes unloaded (20 events):
Event: 3234.931 Thread 0x0000019aa1223230 Unloading class 0x0000019aa2428000 'java/lang/invoke/LambdaForm$MH+0x0000019aa2428000'
Event: 3234.931 Thread 0x0000019aa1223230 Unloading class 0x0000019aa241b800 'java/lang/invoke/LambdaForm$MH+0x0000019aa241b800'
Event: 3234.932 Thread 0x0000019aa1223230 Unloading class 0x0000019aa241b000 'java/lang/invoke/LambdaForm$MH+0x0000019aa241b000'
Event: 3234.932 Thread 0x0000019aa1223230 Unloading class 0x0000019aa241a800 'java/lang/invoke/LambdaForm$MH+0x0000019aa241a800'
Event: 3234.932 Thread 0x0000019aa1223230 Unloading class 0x0000019aa241a400 'java/lang/invoke/LambdaForm$MH+0x0000019aa241a400'
Event: 3234.932 Thread 0x0000019aa1223230 Unloading class 0x0000019aa241a000 'java/lang/invoke/LambdaForm$MH+0x0000019aa241a000'
Event: 3234.932 Thread 0x0000019aa1223230 Unloading class 0x0000019aa2419000 'java/lang/invoke/LambdaForm$MH+0x0000019aa2419000'
Event: 3234.932 Thread 0x0000019aa1223230 Unloading class 0x0000019aa2418400 'java/lang/invoke/LambdaForm$MH+0x0000019aa2418400'
Event: 3234.932 Thread 0x0000019aa1223230 Unloading class 0x0000019aa2418000 'java/lang/invoke/LambdaForm$MH+0x0000019aa2418000'
Event: 3234.932 Thread 0x0000019aa1223230 Unloading class 0x0000019aa2417800 'java/lang/invoke/LambdaForm$MH+0x0000019aa2417800'
Event: 3234.932 Thread 0x0000019aa1223230 Unloading class 0x0000019aa2417400 'java/lang/invoke/LambdaForm$MH+0x0000019aa2417400'
Event: 3234.932 Thread 0x0000019aa1223230 Unloading class 0x0000019aa2417000 'java/lang/invoke/LambdaForm$MH+0x0000019aa2417000'
Event: 3234.932 Thread 0x0000019aa1223230 Unloading class 0x0000019aa2416400 'java/lang/invoke/LambdaForm$MH+0x0000019aa2416400'
Event: 3234.932 Thread 0x0000019aa1223230 Unloading class 0x0000019aa2415400 'java/lang/invoke/LambdaForm$MH+0x0000019aa2415400'
Event: 3234.933 Thread 0x0000019aa1223230 Unloading class 0x0000019aa2414800 'java/lang/invoke/LambdaForm$MH+0x0000019aa2414800'
Event: 3234.933 Thread 0x0000019aa1223230 Unloading class 0x0000019aa2414000 'java/lang/invoke/LambdaForm$MH+0x0000019aa2414000'
Event: 3234.933 Thread 0x0000019aa1223230 Unloading class 0x0000019aa2402400 'java/lang/invoke/LambdaForm$MH+0x0000019aa2402400'
Event: 3234.933 Thread 0x0000019aa1223230 Unloading class 0x0000019aa2402000 'java/lang/invoke/LambdaForm$MH+0x0000019aa2402000'
Event: 3234.933 Thread 0x0000019aa1223230 Unloading class 0x0000019aa2401c00 'java/lang/invoke/LambdaForm$MH+0x0000019aa2401c00'
Event: 3234.933 Thread 0x0000019aa1223230 Unloading class 0x0000019aa2401400 'java/lang/invoke/LambdaForm$MH+0x0000019aa2401400'

Classes redefined (0 events):
No events

Internal exceptions (20 events):
Event: 5290.948 Thread 0x0000019ae71aead0 Exception <a 'java/io/IOException'{0x00000000a5ab5b98}> (0x00000000a5ab5b98) 
thrown [s\open\src\hotspot\share\prims\jni.cpp, line 519]
Event: 5291.952 Thread 0x0000019ae71aead0 Exception <a 'sun/net/ConnectionResetException'{0x00000000a5ab9b68}: Connection reset> (0x00000000a5ab9b68) 
thrown [s\open\src\hotspot\share\prims\jni.cpp, line 538]
Event: 5292.966 Thread 0x0000019ae71aead0 Exception <a 'java/io/IOException'{0x00000000a5abd788}> (0x00000000a5abd788) 
thrown [s\open\src\hotspot\share\prims\jni.cpp, line 519]
Event: 5311.897 Thread 0x0000019ae71acaf0 Exception <a 'sun/net/ConnectionResetException'{0x00000000a5986750}: Connection reset> (0x00000000a5986750) 
thrown [s\open\src\hotspot\share\prims\jni.cpp, line 538]
Event: 5312.007 Thread 0x0000019ae71acaf0 Exception <a 'sun/net/ConnectionResetException'{0x00000000a598a780}: Connection reset> (0x00000000a598a780) 
thrown [s\open\src\hotspot\share\prims\jni.cpp, line 538]
Event: 5312.209 Thread 0x0000019ae71acaf0 Exception <a 'sun/net/ConnectionResetException'{0x00000000a598e368}: Connection reset> (0x00000000a598e368) 
thrown [s\open\src\hotspot\share\prims\jni.cpp, line 538]
Event: 5312.616 Thread 0x0000019ae71acaf0 Exception <a 'sun/net/ConnectionResetException'{0x00000000a5991f50}: Connection reset> (0x00000000a5991f50) 
thrown [s\open\src\hotspot\share\prims\jni.cpp, line 538]
Event: 5313.419 Thread 0x0000019ae71b1ff0 Exception <a 'java/net/SocketException'{0x00000000a59ae0c0}: Socket operation on nonsocket: no further information> (0x00000000a59ae0c0) 
thrown [s\open\src\hotspot\share\prims\jni.cpp, line 538]
Event: 5313.420 Thread 0x0000019ae71acaf0 Exception <a 'java/io/IOException'{0x00000000a5995b58}> (0x00000000a5995b58) 
thrown [s\open\src\hotspot\share\prims\jni.cpp, line 519]
Event: 5319.077 Thread 0x0000019ae71acaf0 Exception <a 'sun/net/ConnectionResetException'{0x00000000a59c5638}: Connection reset> (0x00000000a59c5638) 
thrown [s\open\src\hotspot\share\prims\jni.cpp, line 538]
Event: 5320.081 Thread 0x0000019ae71acaf0 Exception <a 'sun/net/ConnectionResetException'{0x00000000a59c9af0}: Connection reset> (0x00000000a59c9af0) 
thrown [s\open\src\hotspot\share\prims\jni.cpp, line 538]
Event: 5321.092 Thread 0x0000019ae71acaf0 Exception <a 'sun/net/ConnectionResetException'{0x00000000a59cd6d8}: Connection reset> (0x00000000a59cd6d8) 
thrown [s\open\src\hotspot\share\prims\jni.cpp, line 538]
Event: 5322.095 Thread 0x0000019ae71acaf0 Exception <a 'java/io/IOException'{0x00000000a59d12f8}> (0x00000000a59d12f8) 
thrown [s\open\src\hotspot\share\prims\jni.cpp, line 519]
Event: 5323.102 Thread 0x0000019ae71acaf0 Exception <a 'sun/net/ConnectionResetException'{0x00000000a59d52c8}: Connection reset> (0x00000000a59d52c8) 
thrown [s\open\src\hotspot\share\prims\jni.cpp, line 538]
Event: 5328.583 Thread 0x0000019ae71acaf0 Exception <a 'sun/net/ConnectionResetException'{0x00000000a59d7e88}: Connection reset> (0x00000000a59d7e88) 
thrown [s\open\src\hotspot\share\prims\jni.cpp, line 538]
Event: 5329.600 Thread 0x0000019ae71acaf0 Exception <a 'sun/net/ConnectionResetException'{0x00000000a586fdd0}: Connection reset> (0x00000000a586fdd0) 
thrown [s\open\src\hotspot\share\prims\jni.cpp, line 538]
Event: 5330.610 Thread 0x0000019ae71aead0 Exception <a 'java/net/SocketException'{0x00000000a5882898}: Socket operation on nonsocket: no further information> (0x00000000a5882898) 
thrown [s\open\src\hotspot\share\prims\jni.cpp, line 538]
Event: 5330.610 Thread 0x0000019ae71acaf0 Exception <a 'java/io/IOException'{0x00000000a5873ac8}> (0x00000000a5873ac8) 
thrown [s\open\src\hotspot\share\prims\jni.cpp, line 519]
Event: 5331.613 Thread 0x0000019ae71acaf0 Exception <a 'sun/net/ConnectionResetException'{0x00000000a5877a98}: Connection reset> (0x00000000a5877a98) 
thrown [s\open\src\hotspot\share\prims\jni.cpp, line 538]
Event: 5332.628 Thread 0x0000019ae71acaf0 Exception <a 'java/io/IOException'{0x00000000a587b6b8}> (0x00000000a587b6b8) 
thrown [s\open\src\hotspot\share\prims\jni.cpp, line 519]

VM Operations (20 events):
Event: 4130.040 Executing VM operation: Cleanup
Event: 4130.041 Executing VM operation: Cleanup done
Event: 4165.204 Executing VM operation: Cleanup
Event: 4165.204 Executing VM operation: Cleanup done
Event: 4181.329 Executing VM operation: Cleanup
Event: 4181.329 Executing VM operation: Cleanup done
Event: 4184.348 Executing VM operation: Cleanup
Event: 4184.348 Executing VM operation: Cleanup done
Event: 4522.370 Executing VM operation: G1CollectForAllocation
Event: 4522.376 Executing VM operation: G1CollectForAllocation done
Event: 5285.127 Executing VM operation: Cleanup
Event: 5285.128 Executing VM operation: Cleanup done
Event: 5290.147 Executing VM operation: Cleanup
Event: 5290.147 Executing VM operation: Cleanup done
Event: 5290.474 Executing VM operation: HandshakeAllThreads
Event: 5290.474 Executing VM operation: HandshakeAllThreads done
Event: 5312.599 Executing VM operation: Cleanup
Event: 5312.599 Executing VM operation: Cleanup done
Event: 5333.706 Executing VM operation: Cleanup
Event: 5333.706 Executing VM operation: Cleanup done

Events (20 events):
Event: 5289.518 Thread 0x0000019ae71b0560 Thread added: 0x0000019ae71b0560
Event: 5290.023 Thread 0x0000019ae71b1ff0 Thread exited: 0x0000019ae71b1ff0
Event: 5298.980 Thread 0x0000019ae71acaf0 Thread exited: 0x0000019ae71acaf0
Event: 5298.980 Thread 0x0000019ae71b0560 Thread exited: 0x0000019ae71b0560
Event: 5299.026 Thread 0x0000019ae71aead0 Thread exited: 0x0000019ae71aead0
Event: 5311.895 Thread 0x0000019ae71b0560 Thread added: 0x0000019ae71b0560
Event: 5311.895 Thread 0x0000019ae71acaf0 Thread added: 0x0000019ae71acaf0
Event: 5312.005 Thread 0x0000019ae71b1ff0 Thread added: 0x0000019ae71b1ff0
Event: 5312.005 Thread 0x0000019ae71aead0 Thread added: 0x0000019ae71aead0
Event: 5319.423 Thread 0x0000019ae71aead0 Thread exited: 0x0000019ae71aead0
Event: 5319.438 Thread 0x0000019ae71b1ff0 Thread exited: 0x0000019ae71b1ff0
Event: 5320.080 Thread 0x0000019ae71aead0 Thread added: 0x0000019ae71aead0
Event: 5320.080 Thread 0x0000019ae71b1ff0 Thread added: 0x0000019ae71b1ff0
Event: 5320.634 Thread 0x0000019ae71b0560 Thread exited: 0x0000019ae71b0560
Event: 5324.947 Thread 0x0000019ae71b0560 Thread added: 0x0000019ae71b0560
Event: 5329.132 Thread 0x0000019ae71aead0 Thread exited: 0x0000019ae71aead0
Event: 5329.132 Thread 0x0000019ae71b1ff0 Thread exited: 0x0000019ae71b1ff0
Event: 5329.590 Thread 0x0000019ae71aead0 Thread added: 0x0000019ae71aead0
Event: 5329.590 Thread 0x0000019ae71b1ff0 Thread added: 0x0000019ae71b1ff0
Event: 5330.954 Thread 0x0000019ae71b0560 Thread exited: 0x0000019ae71b0560


Dynamic libraries:
0x00007ff79e140000 - 0x00007ff79e14e000 	C:\Users\daniel.jesus\.jdks\openjdk-20.0.2\bin\java.exe
0x00007ff850cd0000 - 0x00007ff850ec7000 	C:\Windows\SYSTEM32\ntdll.dll
0x00007ff84ed60000 - 0x00007ff84ee1d000 	C:\Windows\System32\KERNEL32.DLL
0x00007ff84e4d0000 - 0x00007ff84e7c6000 	C:\Windows\System32\KERNELBASE.dll
0x00007ff82e8b0000 - 0x00007ff82e8cb000 	C:\Users\daniel.jesus\.jdks\openjdk-20.0.2\bin\VCRUNTIME140.dll
0x00007ff82e940000 - 0x00007ff82e957000 	C:\Users\daniel.jesus\.jdks\openjdk-20.0.2\bin\jli.dll
0x00007ff84e930000 - 0x00007ff84ea30000 	C:\Windows\System32\ucrtbase.dll
0x00007ff84ffd0000 - 0x00007ff85016e000 	C:\Windows\System32\USER32.dll
0x00007ff83c100000 - 0x00007ff83c39a000 	C:\Windows\WinSxS\amd64_microsoft.windows.common-controls_6595b64144ccf1df_6.0.19041.3570_none_60bb2a3971f3e41a\COMCTL32.dll
0x00007ff84ed00000 - 0x00007ff84ed22000 	C:\Windows\System32\win32u.dll
0x00007ff84f190000 - 0x00007ff84f22e000 	C:\Windows\System32\msvcrt.dll
0x00007ff850170000 - 0x00007ff85019c000 	C:\Windows\System32\GDI32.dll
0x00007ff84eac0000 - 0x00007ff84ebda000 	C:\Windows\System32\gdi32full.dll
0x00007ff84e3b0000 - 0x00007ff84e44d000 	C:\Windows\System32\msvcp_win.dll
0x00007ff84ed30000 - 0x00007ff84ed60000 	C:\Windows\System32\IMM32.DLL
0x00007ff82e930000 - 0x00007ff82e93c000 	C:\Users\daniel.jesus\.jdks\openjdk-20.0.2\bin\vcruntime140_1.dll
0x00007ff8230e0000 - 0x00007ff82316e000 	C:\Users\daniel.jesus\.jdks\openjdk-20.0.2\bin\msvcp140.dll
0x00007fffcfed0000 - 0x00007fffd0b68000 	C:\Users\daniel.jesus\.jdks\openjdk-20.0.2\bin\server\jvm.dll
0x00007ff84fc60000 - 0x00007ff84fd0e000 	C:\Windows\System32\ADVAPI32.dll
0x00007ff84f0f0000 - 0x00007ff84f18c000 	C:\Windows\System32\sechost.dll
0x00007ff8502e0000 - 0x00007ff850406000 	C:\Windows\System32\RPCRT4.dll
0x00007ff842eb0000 - 0x00007ff842ed7000 	C:\Windows\SYSTEM32\WINMM.dll
0x00007ff846af0000 - 0x00007ff846afa000 	C:\Windows\SYSTEM32\VERSION.dll
0x00007ff837d30000 - 0x00007ff837d39000 	C:\Windows\SYSTEM32\WSOCK32.dll
0x00007ff84fdd0000 - 0x00007ff84fe3b000 	C:\Windows\System32\WS2_32.dll
0x00007ff84c030000 - 0x00007ff84c042000 	C:\Windows\SYSTEM32\kernel.appcore.dll
0x00007ff82e8a0000 - 0x00007ff82e8aa000 	C:\Users\daniel.jesus\.jdks\openjdk-20.0.2\bin\jimage.dll
0x00007ff8462a0000 - 0x00007ff846484000 	C:\Windows\SYSTEM32\DBGHELP.DLL
0x00007ff83ace0000 - 0x00007ff83ad14000 	C:\Windows\SYSTEM32\dbgcore.DLL
0x00007ff84ea30000 - 0x00007ff84eab2000 	C:\Windows\System32\bcryptPrimitives.dll
0x00007ff82eb80000 - 0x00007ff82eb8e000 	C:\Users\daniel.jesus\.jdks\openjdk-20.0.2\bin\instrument.dll
0x00007ff8230b0000 - 0x00007ff8230d6000 	C:\Users\daniel.jesus\.jdks\openjdk-20.0.2\bin\java.dll
0x00007ff811fa0000 - 0x00007ff812077000 	C:\Users\daniel.jesus\.jdks\openjdk-20.0.2\bin\jsvml.dll
0x00007ff850530000 - 0x00007ff850c74000 	C:\Windows\System32\SHELL32.dll
0x00007ff84c230000 - 0x00007ff84c9cb000 	C:\Windows\SYSTEM32\windows.storage.dll
0x00007ff84f490000 - 0x00007ff84f7e4000 	C:\Windows\System32\combase.dll
0x00007ff84dc40000 - 0x00007ff84dc6d000 	C:\Windows\SYSTEM32\Wldp.dll
0x00007ff84fd20000 - 0x00007ff84fdcd000 	C:\Windows\System32\SHCORE.dll
0x00007ff8504d0000 - 0x00007ff850525000 	C:\Windows\System32\shlwapi.dll
0x00007ff84e2e0000 - 0x00007ff84e305000 	C:\Windows\SYSTEM32\profapi.dll
0x00007ff81d090000 - 0x00007ff81d0a8000 	C:\Users\daniel.jesus\.jdks\openjdk-20.0.2\bin\zip.dll
0x00007ff828b90000 - 0x00007ff828ba3000 	C:\Users\daniel.jesus\.jdks\openjdk-20.0.2\bin\net.dll
0x00007ff8468b0000 - 0x00007ff8469ba000 	C:\Windows\SYSTEM32\WINHTTP.dll
0x00007ff84da20000 - 0x00007ff84da8a000 	C:\Windows\system32\mswsock.dll
0x00007ff81d0b0000 - 0x00007ff81d0c6000 	C:\Users\daniel.jesus\.jdks\openjdk-20.0.2\bin\nio.dll
0x00007ff823b00000 - 0x00007ff823b1a000 	C:\Program Files\JetBrains\IntelliJ IDEA Community Edition 2022.1.4\bin\breakgen64.dll
0x00007ff826ea0000 - 0x00007ff826ea7000 	C:\Users\daniel.jesus\.jdks\openjdk-20.0.2\bin\extnet.dll
0x00007ff82eb70000 - 0x00007ff82eb7a000 	C:\Users\daniel.jesus\.jdks\openjdk-20.0.2\bin\management.dll
0x00007ff82e9d0000 - 0x00007ff82e9db000 	C:\Users\daniel.jesus\.jdks\openjdk-20.0.2\bin\management_ext.dll
0x00007ff84fd10000 - 0x00007ff84fd18000 	C:\Windows\System32\PSAPI.DLL
0x00007ff84dc80000 - 0x00007ff84dc98000 	C:\Windows\SYSTEM32\CRYPTSP.dll
0x00007ff84d350000 - 0x00007ff84d384000 	C:\Windows\system32\rsaenh.dll
0x00007ff84e450000 - 0x00007ff84e477000 	C:\Windows\System32\bcrypt.dll
0x00007ff84e2a0000 - 0x00007ff84e2ce000 	C:\Windows\SYSTEM32\USERENV.dll
0x00007ff84dbb0000 - 0x00007ff84dbbc000 	C:\Windows\SYSTEM32\CRYPTBASE.dll
0x00007ff84d730000 - 0x00007ff84d76b000 	C:\Windows\SYSTEM32\IPHLPAPI.DLL
0x00007ff850c80000 - 0x00007ff850c88000 	C:\Windows\System32\NSI.dll
0x00007ff848ab0000 - 0x00007ff848ac7000 	C:\Windows\SYSTEM32\dhcpcsvc6.DLL
0x00007ff848a80000 - 0x00007ff848a9d000 	C:\Windows\SYSTEM32\dhcpcsvc.DLL
0x00007ff84d770000 - 0x00007ff84d83a000 	C:\Windows\SYSTEM32\DNSAPI.dll
0x00007ff82e910000 - 0x00007ff82e91e000 	C:\Users\daniel.jesus\.jdks\openjdk-20.0.2\bin\sunmscapi.dll
0x00007ff84e7d0000 - 0x00007ff84e92d000 	C:\Windows\System32\CRYPT32.dll
0x00007ff84ddf0000 - 0x00007ff84de17000 	C:\Windows\SYSTEM32\ncrypt.dll
0x00007ff84ddb0000 - 0x00007ff84ddeb000 	C:\Windows\SYSTEM32\NTASN1.dll
0x00007ff823070000 - 0x00007ff823080000 	C:\Users\daniel.jesus\.jdks\openjdk-20.0.2\bin\verify.dll
0x00007ff82d380000 - 0x00007ff82d397000 	C:\Windows\system32\napinsp.dll
0x00007ff82d480000 - 0x00007ff82d49b000 	C:\Windows\system32\pnrpnsp.dll
0x00007ff848d40000 - 0x00007ff848d55000 	C:\Windows\system32\wshbth.dll
0x00007ff849d70000 - 0x00007ff849d8d000 	C:\Windows\system32\NLAapi.dll
0x00007ff82d4f0000 - 0x00007ff82d502000 	C:\Windows\System32\winrnr.dll
0x000000005c710000 - 0x000000005c745000 	C:\Program Files\Bonjour\mdnsNSP.dll
0x00007ff846b90000 - 0x00007ff846b9a000 	C:\Windows\System32\rasadhlp.dll
0x00007ff849230000 - 0x00007ff8492b2000 	C:\Windows\System32\fwpuclnt.dll
0x00007fffee300000 - 0x00007fffee307000 	C:\Windows\system32\wshunix.dll

dbghelp: loaded successfully - version: 4.0.5 - missing functions: none
symbol engine: initialized successfully - sym options: 0x614 - pdb path: .;C:\Users\daniel.jesus\.jdks\openjdk-20.0.2\bin;C:\Windows\SYSTEM32;C:\Windows\WinSxS\amd64_microsoft.windows.common-controls_6595b64144ccf1df_6.0.19041.3570_none_60bb2a3971f3e41a;C:\Users\daniel.jesus\.jdks\openjdk-20.0.2\bin\server;C:\Program Files\JetBrains\IntelliJ IDEA Community Edition 2022.1.4\bin;C:\Program Files\Bonjour

VM Arguments:
jvm_args: -javaagent:C:\Program Files\JetBrains\IntelliJ IDEA Community Edition 2022.1.4\lib\idea_rt.jar=55442:C:\Program Files\JetBrains\IntelliJ IDEA Community Edition 2022.1.4\bin -Dfile.encoding=UTF-8 
java_command: com.xml.xmlApi.XmlApiApplication
java_class_path (initial): C:\Users\daniel.jesus\Documents\Java Projects\xmlApi\target\classes;C:\Users\daniel.jesus\.m2\repository\org\springframework\boot\spring-boot-starter-data-jpa\3.1.4\spring-boot-starter-data-jpa-3.1.4.jar;C:\Users\daniel.jesus\.m2\repository\org\springframework\boot\spring-boot-starter-aop\3.1.4\spring-boot-starter-aop-3.1.4.jar;C:\Users\daniel.jesus\.m2\repository\org\springframework\spring-aop\6.0.12\spring-aop-6.0.12.jar;C:\Users\daniel.jesus\.m2\repository\org\aspectj\aspectjweaver\1.9.20\aspectjweaver-1.9.20.jar;C:\Users\daniel.jesus\.m2\repository\org\springframework\boot\spring-boot-starter-jdbc\3.1.4\spring-boot-starter-jdbc-3.1.4.jar;C:\Users\daniel.jesus\.m2\repository\com\zaxxer\HikariCP\5.0.1\HikariCP-5.0.1.jar;C:\Users\daniel.jesus\.m2\repository\org\springframework\spring-jdbc\6.0.12\spring-jdbc-6.0.12.jar;C:\Users\daniel.jesus\.m2\repository\org\hibernate\orm\hibernate-core\6.2.9.Final\hibernate-core-6.2.9.Final.jar;C:\Users\daniel.jesus\.m2\repository\jakarta\persistence\jakarta.persistence-api\3.1.0\jakarta.persistence-api-3.1.0.jar;C:\Users\daniel.jesus\.m2\repository\jakarta\transaction\jakarta.transaction-api\2.0.1\jakarta.transaction-api-2.0.1.jar;C:\Users\daniel.jesus\.m2\repository\org\jboss\logging\jboss-logging\3.5.3.Final\jboss-logging-3.5.3.Final.jar;C:\Users\daniel.jesus\.m2\repository\org\hibernate\common\hibernate-commons-annotations\6.0.6.Final\hibernate-commons-annotations-6.0.6.Final.jar;C:\Users\daniel.jesus\.m2\repository\io\smallrye\jandex\3.0.5\jandex-3.0.5.jar;C:\Users\daniel.jesus\.m2\repository\com\fasterxml\classmate\1.5.1\classmate-1.5.1.jar;C:\Users\daniel.jesus\.m2\repository\net\bytebuddy\byte-buddy\1.14.8\byte-buddy-1.14.8.jar;C:\Users\daniel.jesus\.m2\repository\org\glassfish\jaxb\jaxb-runtime\4.0.3\jaxb-runtime-4.0.3.jar;C:\Users\daniel.jesus\.m2\repository\org\glassfish\jaxb\jaxb-core\4.0.3\jaxb-core-4.0.3.jar;C:\Users\daniel.jesus\.m2\repository\org\glassfish\jaxb\txw2\4.0.3\txw2-4.0.3.jar;C:\Users\daniel.jesus\.m2\repository\com\sun\istack\istack-commons-runtime\4.1.2\istack-commons-runtime-4.1.2.jar;C:\Users\daniel.jesus\.m2\repository\jakarta\inject\jakarta.inject-api\2.0.1\jakarta.inject-api-2.0.1.jar;C:\Users\daniel.jesus\.m2\repository\org\antlr\antlr4-runtime\4.10.1\antlr4-runtime-4.10.1.jar;C:\Users\daniel.jesus\.m2\repository\org\springframework\data\spring-data-jpa\3.1.4\spring-data-jpa-3.1.4.jar;C:\Users\daniel.jesus\.m2\repository\org\springframework\data\spring-data-commons\3.1.4\spring-data-commons-3.1.4.jar;C:\Users\daniel.jesus\.m2\repository\org\springframework\spring-orm\6.0.12\spring-orm-6.0.12.jar;C:\Users\daniel.jesus\.m2\repository\org\springframework\spring-context\6.0.12\spring-context-6.0.12.jar;C:\Users\daniel.jesus\.m2\repository\org\springframework\spring-tx\6.0.12\spring-tx-6.0.12.jar;C:\Users\daniel.jesus\.m2\repository\org\springframework\spring-beans\6.0.12\spring-beans-6.0.12.jar;C:\Users\daniel.jesus\.m2\repository\jakarta\annotation\jakarta.annotation-api\2.1.1\jakarta.annotation-api-2.1.1.jar;C:\Users\daniel.jesus\.m2\repository\org\slf4j\slf4j-api\2.0.9\slf4j-api-2.0.9.jar;C:\Users\daniel.jesus\.m2\repository\org\springframework\spring-aspects\6.0.12\spring-aspects-6.0.12.jar;C:\Users\daniel.jesus\.m2\repository\org\springframework\boot\spring-boot-starter-web\3.1.4\spring-boot-starter-web-3.1.4.jar;C:\Users\daniel.jesus\.m2\repository\org\springframework\boot\spring-boot-starter\3.1.4\spring-boot-starter-3.1.4.jar;C:\Users\daniel.jesus\.m2\repository\org\springframework\boot\spring-boot-starter-logging\3.1.4\spring-boot-starter-logging-3.1.4.jar;C:\Users\daniel.jesus\.m2\repository\ch\qos\logback\logback-classic\1.4.11\logback-classic-1.4.11.jar;C:\Users\daniel.jesus\.m2\repository\ch\qos\logback\logback-core\1.4.11\logback-core-1.4.11.jar;C:\Users\daniel.jesus\.m2\repository\org\apache\logging\log4j\log4j-to-slf4j\2.20.0\log4j-to-slf4j-2.20.0.jar;C:\Users\daniel.jesus\.m2\repository\org\apache\logging\log4j\log4j-api\2.20.0\log4j-api-2.20.0.jar;C:\Users\daniel.jesus\.m2\repository\org\slf4j\jul-to-slf4j\2.0.9\jul-to-slf4j-2.0.9.jar;C:\Users\daniel.jesus\.m2\repository\org\yaml\snakeyaml\1.33\snakeyaml-1.33.jar;C:\Users\daniel.jesus\.m2\repository\org\springframework\boot\spring-boot-starter-json\3.1.4\spring-boot-starter-json-3.1.4.jar;C:\Users\daniel.jesus\.m2\repository\com\fasterxml\jackson\datatype\jackson-datatype-jdk8\2.15.2\jackson-datatype-jdk8-2.15.2.jar;C:\Users\daniel.jesus\.m2\repository\com\fasterxml\jackson\datatype\jackson-datatype-jsr310\2.15.2\jackson-datatype-jsr310-2.15.2.jar;C:\Users\daniel.jesus\.m2\repository\com\fasterxml\jackson\module\jackson-module-parameter-names\2.15.2\jackson-module-parameter-names-2.15.2.jar;C:\Users\daniel.jesus\.m2\repository\org\springframework\boot\spring-boot-starter-tomcat\3.1.4\spring-boot-starter-tomcat-3.1.4.jar;C:\Users\daniel.jesus\.m2\repository\org\apache\tomcat\embed\tomcat-embed-core\10.1.13\tomcat-embed-core-10.1.13.jar;C:\Users\daniel.jesus\.m2\repository\org\apache\tomcat\embed\tomcat-embed-el\10.1.13\tomcat-embed-el-10.1.13.jar;C:\Users\daniel.jesus\.m2\repository\org\apache\tomcat\embed\tomcat-embed-websocket\10.1.13\tomcat-embed-websocket-10.1.13.jar;C:\Users\daniel.jesus\.m2\repository\org\springframework\spring-web\6.0.12\spring-web-6.0.12.jar;C:\Users\daniel.jesus\.m2\repository\io\micrometer\micrometer-observation\1.11.4\micrometer-observation-1.11.4.jar;C:\Users\daniel.jesus\.m2\repository\io\micrometer\micrometer-commons\1.11.4\micrometer-commons-1.11.4.jar;C:\Users\daniel.jesus\.m2\repository\org\springframework\spring-webmvc\6.0.12\spring-webmvc-6.0.12.jar;C:\Users\daniel.jesus\.m2\repository\org\springframework\spring-expression\6.0.12\spring-expression-6.0.12.jar;C:\Users\daniel.jesus\.m2\repository\org\springframework\boot\spring-boot-starter-web-services\3.1.4\spring-boot-starter-web-services-3.1.4.jar;C:\Users\daniel.jesus\.m2\repository\com\sun\xml\messaging\saaj\saaj-impl\3.0.2\saaj-impl-3.0.2.jar;C:\Users\daniel.jesus\.m2\repository\jakarta\xml\soap\jakarta.xml.soap-api\3.0.0\jakarta.xml.soap-api-3.0.0.jar;C:\Users\daniel.jesus\.m2\repository\org\jvnet\staxex\stax-ex\2.1.0\stax-ex-2.1.0.jar;C:\Users\daniel.jesus\.m2\repository\org\eclipse\angus\angus-activation\2.0.1\angus-activation-2.0.1.jar;C:\Users\daniel.jesus\.m2\repository\jakarta\xml\ws\jakarta.xml.ws-api\4.0.0\jakarta.xml.ws-api-4.0.0.jar;C:\Users\daniel.jesus\.m2\repository\org\springframework\spring-oxm\6.0.12\spring-oxm-6.0.12.jar;C:\Users\daniel.jesus\.m2\repository\org\springframework\ws\spring-ws-core\4.0.6\spring-ws-core-4.0.6.jar;C:\Users\daniel.jesus\.m2\repository\org\springframework\ws\spring-xml\4.0.6\spring-xml-4.0.6.jar;C:\Users\daniel.jesus\.m2\repository\org\springframework\boot\spring-boot-devtools\3.1.4\spring-boot-devtools-3.1.4.jar;C:\Users\daniel.jesus\.m2\repository\org\springframework\boot\spring-boot\3.1.4\spring-boot-3.1.4.jar;C:\Users\daniel.jesus\.m2\repository\org\springframework\boot\spring-boot-autoconfigure\3.1.4\spring-boot-autoconfigure-3.1.4.jar;C:\Users\daniel.jesus\.m2\repository\com\microsoft\sqlserver\mssql-jdbc\11.2.3.jre17\mssql-jdbc-11.2.3.jre17.jar;C:\Users\daniel.jesus\.m2\repository\org\projectlombok\lombok\1.18.30\lombok-1.18.30.jar;C:\Users\daniel.jesus\.m2\repository\org\springframework\spring-core\6.0.12\spring-core-6.0.12.jar;C:\Users\daniel.jesus\.m2\repository\org\springframework\spring-jcl\6.0.12\spring-jcl-6.0.12.jar;C:\Users\daniel.jesus\.m2\repository\com\fasterxml\jackson\dataformat\jackson-dataformat-xml\2.15.2\jackson-dataformat-xml-2.15.2.jar;C:\Users\daniel.jesus\.m2\repository\com\fasterxml\jackson\core\jackson-core\2.15.2\jackson-core-2.15.2.jar;C:\Users\daniel.jesus\.m2\repository\com\fasterxml\jackson\core\jackson-annotations\2.15.2\jackson-annotations-2.15.2.jar;C:\Users\daniel.jesus\.m2\repository\com\fasterxml\jackson\core\jackson-databind\2.15.2\jackson-databind-2.15.2.jar;C:\Users\daniel.jesus\.m2\repository\org\codehaus\woodstox\stax2-api\4.2.1\stax2-api-4.2.1.jar;C:\Users\daniel.jesus\.m2\repository\com\fasterxml\woodstox\woodstox-core\6.5.1\woodstox-core-6.5.1.jar;C:\Users\daniel.jesus\.m2\repository\jakarta\xml\bind\jakarta.xml.bind-api\4.0.1\jakarta.xml.bind-api-4.0.1.jar;C:\Users\daniel.jesus\.m2\repository\jakarta\activation\jakarta.activation-api\2.1.2\jakarta.activation-api-2.1.2.jar
Launcher Type: SUN_STANDARD

[Global flags]
     intx CICompilerCount                          = 4                                         {product} {ergonomic}
     uint ConcGCThreads                            = 3                                         {product} {ergonomic}
     uint G1ConcRefinementThreads                  = 10                                        {product} {ergonomic}
   size_t G1HeapRegionSize                         = 1048576                                   {product} {ergonomic}
    uintx GCDrainStackTargetSize                   = 64                                        {product} {ergonomic}
   size_t InitialHeapSize                          = 98566144                                  {product} {ergonomic}
   size_t MarkStackSize                            = 4194304                                   {product} {ergonomic}
   size_t MaxHeapSize                              = 1574961152                                {product} {ergonomic}
   size_t MaxNewSize                               = 944766976                                 {product} {ergonomic}
   size_t MinHeapDeltaBytes                        = 1048576                                   {product} {ergonomic}
   size_t MinHeapSize                              = 8388608                                   {product} {ergonomic}
    uintx NonNMethodCodeHeapSize                   = 5839372                                {pd product} {ergonomic}
    uintx NonProfiledCodeHeapSize                  = 122909434                              {pd product} {ergonomic}
    uintx ProfiledCodeHeapSize                     = 122909434                              {pd product} {ergonomic}
    uintx ReservedCodeCacheSize                    = 251658240                              {pd product} {ergonomic}
     bool SegmentedCodeCache                       = true                                      {product} {ergonomic}
   size_t SoftMaxHeapSize                          = 1574961152                             {manageable} {ergonomic}
     bool UseCompressedClassPointers               = true                           {product lp64_product} {ergonomic}
     bool UseCompressedOops                        = true                           {product lp64_product} {ergonomic}
     bool UseG1GC                                  = true                                      {product} {ergonomic}
     bool UseLargePagesIndividualAllocation        = false                                  {pd product} {ergonomic}

Logging:
Log output configuration:
 #0: stdout all=warning uptime,level,tags foldmultilines=false
 #1: stderr all=off uptime,level,tags foldmultilines=false

Environment Variables:
PATH=C:\Program Files\Common Files\Oracle\Java\javapath;C:\Windows\system32;C:\Windows;C:\Windows\System32\Wbem;C:\Windows\System32\WindowsPowerShell\v1.0\;C:\Windows\System32\OpenSSH\;C:\Program Files\gs\gs10.00.0\bin;C:\Program Files\Microsoft VS Code\bin;C:\Program Files\Git\cmd;C:\Program Files\nodejs\;C:\Users\daniel.jesus\Downloads\apache-maven-3.9.4\bin;C:\Program Files (x86)\Microsoft SQL Server\160\Tools\Binn\;C:\Program Files\Microsoft SQL Server\160\Tools\Binn\;C:\Program Files\Microsoft SQL Server\Client SDK\ODBC\170\Tools\Binn\;C:\Program Files\Microsoft SQL Server\160\DTS\Binn\;C:\Program Files (x86)\Microsoft SQL Server\160\DTS\Binn\;C:\Program Files\Azure Data Studio\bin;C:\Program Files\Docker\Docker\resources\bin;C:\Users\daniel.jesus\AppData\Local\Microsoft\WindowsApps;C:\Users\daniel.jesus\AppData\Roaming\npm;C:\Program Files\Azure Data Studio\bin;C:\Program Files\JetBrains\IntelliJ IDEA 2023.1.5\bin;;C:\Program Files\JetBrains\IntelliJ IDEA Community Edition 2022.1.4\bin;
USERNAME=daniel.jesus
OS=Windows_NT
PROCESSOR_IDENTIFIER=AMD64 Family 23 Model 104 Stepping 1, AuthenticAMD
TMP=C:\Users\DANIEL~1.JES\AppData\Local\Temp
TEMP=C:\Users\DANIEL~1.JES\AppData\Local\Temp




---------------  S Y S T E M  ---------------

OS:
 Windows 10 , 64 bit Build 19041 (10.0.19041.3570)
OS uptime: 0 days 6:17 hours
Hyper-V role detected

CPU: total 12 (initial active 12) (12 cores per cpu, 2 threads per core) family 23 model 104 stepping 1 microcode 0x0, cx8, cmov, fxsr, ht, mmx, 3dnowpref, sse, sse2, sse3, ssse3, sse4a, sse4.1, sse4.2, popcnt, lzcnt, tsc, tscinvbit, avx, avx2, aes, clmul, bmi1, bmi2, adx, sha, fma, vzeroupper, clflush, clflushopt, hv, rdtscp, rdpid, f16c

Memory: 4k page, system-wide physical 6005M (365M free)
TotalPageFile size 24437M (AvailPageFile size 0M)
current process WorkingSet (physical memory assigned to process): 118M, peak: 253M
current process commit charge ("private bytes"): 275M, peak: 294M

vm_info: OpenJDK 64-Bit Server VM (20.0.2+9-78) for windows-amd64 JRE (20.0.2+9-78), built on 2023-06-14T10:08:48Z by "mach5one" with MS VC++ 17.1 (VS2022)

END.
